This is pdfTeX, Version 3.1415926-1.40.10 (TeX Live 2009/Debian) (format=pdfetex 2011.12.11)  26 AUG 2012 07:08
entering extended mode
 file:line:error style messages enabled.
 %&-line parsing enabled.
**\catcode126=12 \def\normaltilde{~}\catcode126=13 \let~\normaltilde  \input ./
slime.texi
(./slime.texi (/usr/share/texmf/tex/texinfo/texinfo.tex
Loading texinfo [version 2008-04-18.10]:
\bindingoffset=\dimen16
\normaloffset=\dimen17
\pagewidth=\dimen18
\pageheight=\dimen19
\outerhsize=\dimen20
\outervsize=\dimen21
\cornerlong=\dimen22
\cornerthick=\dimen23
\topandbottommargin=\dimen24
\headlinebox=\box16
\footlinebox=\box17
\margin=\insert252
\EMsimple=\toks13
\groupbox=\box18
\groupinvalidhelp=\toks14
\mil=\dimen25
\exdentamount=\skip18
\inmarginspacing=\skip19
 pdf,
\tempnum=\count27
\lnkcount=\count28
\filename=\toks15
\filenamelength=\count29
\pgn=\count30
\toksA=\toks16
\toksB=\toks17
\toksC=\toks18
\toksD=\toks19
\boxA=\box19
\countA=\count31
\nopdfimagehelp=\toks20
 fonts,
\sffam=\fam8
\textleading=\dimen26
\fontdepth=\count32
 page headings,
\titlepagetopglue=\skip20
\titlepagebottomglue=\skip21
\evenheadline=\toks21
\oddheadline=\toks22
\evenfootline=\toks23
\oddfootline=\toks24
 tables,
\tableindent=\dimen27
\itemindent=\dimen28
\itemmargin=\dimen29
\itemmax=\dimen30
\itemno=\count33
\multitableparskip=\skip22
\multitableparindent=\skip23
\multitablecolspace=\dimen31
\multitablelinespace=\skip24
\colcount=\count34
\everytab=\toks25

conditionals,
\doignorecount=\count35
 indexing,
\whatsitskip=\skip25
\whatsitpenalty=\count36
\secondaryindent=\skip26
\partialpage=\box20
\doublecolumnhsize=\dimen32
 sectioning,
\unnumberedno=\count37
\chapno=\count38
\secno=\count39
\subsecno=\count40
\subsubsecno=\count41
\appendixno=\count42
\absseclevel=\count43
\secbase=\count44
\chapheadingskip=\skip27
\secheadingskip=\skip28
\subsecheadingskip=\skip29
 toc,
\tocfile=\write0
\contentsrightmargin=\skip30
\savepageno=\count45
\lastnegativepageno=\count46
\tocindent=\dimen33
 environments,
\errorbox=\box21
\lispnarrowing=\skip31
\envskipamount=\skip32
\circthick=\dimen34
\cartouter=\dimen35
\cartinner=\dimen36
\normbskip=\skip33
\normpskip=\skip34
\normlskip=\skip35
\lskip=\skip36
\rskip=\skip37
\tabw=\dimen37
 defuns,
\defbodyindent=\skip38
\defargsindent=\skip39
\deflastargmargin=\skip40
\defunpenalty=\count47
\parencount=\count48
\brackcount=\count49
 macros,
\paramno=\count50
\macname=\toks26

cross references,
\auxfile=\write1
\savesfregister=\count51
 insertions,
\footnoteno=\count52
\SAVEfootins=\box22
\SAVEmargin=\box23

(/usr/share/texmf-texlive/tex/generic/epsf/epsf.tex
This is `epsf.tex' v2.7.3 <23 July 2005>
\epsffilein=\read1
\epsfframemargin=\dimen38
\epsfframethickness=\dimen39
\epsfrsize=\dimen40
\epsftmp=\dimen41
\epsftsize=\dimen42
\epsfxsize=\dimen43
\epsfysize=\dimen44
\pspoints=\dimen45
)
\noepsfhelp=\toks27
 localization,
\nolanghelp=\toks28
\countUTFx=\count53
\countUTFy=\count54
\countUTFz=\count55
 formatting,
\defaultparindent=\dimen46
 and turning on texinfo input format.) (./slime.aux)
\openout1 = `slime.aux'.

@cpindfile=@write2
@fnindfile=@write3
@vrindfile=@write4
@tpindfile=@write5
@kyindfile=@write6
@pgindfile=@write7
 <./slime-small.pdf> [1
\openout2 = `slime.cp'.

\openout3 = `slime.fn'.

\openout4 = `slime.vr'.

\openout5 = `slime.tp'.

\openout6 = `slime.ky'.

\openout7 = `slime.pg'.

{/var/lib/texmf/fonts/map/pdftex/updmap/pdftex.map}]
[2] (./slime.toc [-1] [-2]) [-3] (./slime.toc) (./slime.toc) Chapter 1
\openout0 = `slime.toc'.


Underfull \hbox (badness 4429) in paragraph at lines 272--276
@textrm implementation-specific func-tion-al-ity is spec-i-fied by a well-defin
ed in-ter-face and

@hbox(7.60416+2.12917)x433.62, glue set 3.53957
.@textrm i
.@textrm m
.@textrm p
.@textrm l
.@textrm e
.etc.

Chapter 2 [1]
Underfull \hbox (badness 10000) in paragraph at lines 318--321
 []@textrm Corman Com-mon Lisp, ver-sion 2.51 or newer with the patches from

@hbox(7.60416+2.12917)x433.62, glue set 4.5808
.@glue(@leftskip) 21.68121
.@hbox(4.86667+0.0)x0.0, glue set - 12.70244fil
..@glue 0.0 plus 1.0fil minus 1.0fil
..@mathon
..@textsy ^^O
..@mathoff
..@kern 7.22743
.@textrm C
.@textrm o
.@textrm r
.etc.

[2] [3]
Overfull \hbox (20.69044pt too wide) in paragraph at lines 515--515
 []@texttt (NAME (PROGRAM PROGRAM-ARGS...) &key CODING-SYSTEM INIT INIT-FUNCTIO
N ENV)[] |

@hbox(7.60416+2.43333)x433.62
.@glue(@leftskip) 28.90755
.@hbox(0.0+0.0)x0.0
.@texttt (
.@texttt N
.@texttt A
.etc.

[4] Chapter 3 [5] [6] [7] [8] [9] [10] [11] [12]
Underfull \hbox (badness 2837) in paragraph at lines 1133--1135
[]@textrm For ad-di-tional minor-mode com-mands and dis-cus-sion, see [][]Secti
on 5.2 [slime-

@hbox(8.2125+2.73749)x433.62, glue set 3.05197
.@hbox(0.0+0.0)x15.0
.@textrm F
.@kern-0.91252
.@textrm o
.@textrm r
.etc.

[13]
Underfull \hbox (badness 2538) in paragraph at lines 1218--1220
 []@textrm Toggle be-tween ver-bose and terse mode. De-fault is de-ter-mined by


@hbox(7.60416+2.12917)x433.62, glue set 2.9412
.@glue(@leftskip) 57.81621
.@hbox(0.0+0.0)x0.0
.@textrm T
.@kern-0.91252
.@textrm o
.etc.

[14] [15] Chapter 4 [16] [17] [18] Chapter 5 [19] [20] [21] Chapter 6 [22]
Underfull \hbox (badness 7168) in paragraph at lines 1684--1688
 @texttt symbol*[] @textrm (see [][]Section 8.5 [Com-pound Com-ple-tion], page 
33[][]), and

@hbox(8.2125+2.73749)x433.62, glue set 4.15726
.@glue(@leftskip) 57.81621
.@texttt s
.@texttt y
.@texttt m
.@texttt b
.etc.


Underfull \hbox (badness 10000) in paragraph at lines 1684--1688
 @texttt slime-fuzzy-complete-symbol[] @textrm (see [][]Section 8.6 [Fuzzy Com-
ple-tion],

@hbox(8.2125+2.73749)x433.62, glue set 4.71748
.@glue(@leftskip) 57.81621
.@texttt s
.@texttt l
.@texttt i
.@texttt m
.etc.

[23]
Underfull \hbox (badness 2269) in paragraph at lines 1817--1824
[]@textrm The de-fault re-quest han-dling style is cho-sen ac-cord-ing to the c
a-pa-bil-i-ties of

@hbox(7.60416+2.12917)x433.62, glue set 2.83461
.@hbox(0.0+0.0)x15.0
.@textrm T
.@textrm h
.@textrm e
.@glue 3.65 plus 1.825 minus 1.21666
.etc.

[24] [25] Chapter 7 [26]
Overfull \hbox (26.43913pt too wide) in paragraph at lines 2004--2004
 []@texttt (swank:create-server :port 4005  :dont-close t :coding-system "utf-8
-unix")[] |

@hbox(7.60416+2.43333)x433.62
.@glue(@leftskip) 28.90755
.@hbox(0.0+0.0)x0.0
.@texttt (
.@texttt s
.@texttt w
.etc.

[27]
Overfull \hbox (14.94176pt too wide) in paragraph at lines 2069--2069
 []                                        @texttt :remote-host "remote.example
.com"[] |

@hbox(6.69167+2.43333)x433.62
.@glue(@leftskip) 28.90755
.@hbox(0.0+0.0)x0.0
.@penalty 10000
.@glue 5.74869
.@penalty 10000
.etc.

[28] Chapter 8 [29] [30] [31] [32] [33]
Overfull \hbox (15.27109pt too wide) in paragraph at lines 2495--2495
 []@texttt (defmethod initialize-instance :after ((object foo) &key blub))[] |

@hbox(7.60416+2.43333)x433.62
.@glue(@leftskip) 86.72375
.@hbox(0.0+0.0)x0.0
.@texttt (
.@texttt d
.@texttt e
.etc.

[34] [35] [36] [37] [38] [39] [40] [41] Chapter 9 [42] (./contributors.texi
Missing character: There is no Ã in font cmr10!
Missing character: There is no ¡ in font cmr10!
Missing character: There is no Ã in font cmr10!
Missing character: There is no ­ in font cmr10!
Missing character: There is no Ã in font cmr10!
Missing character: There is no ± in font cmr10!
Missing character: There is no Ã in font cmr10!
Missing character: There is no ¸ in font cmr10!
Missing character: There is no Ã in font cmr10!
Missing character: There is no ¸ in font cmr10!
Missing character: There is no Ã in font cmr10!
Missing character: There is no ­ in font cmr10!
Missing character: There is no Ã in font cmr10!
Missing character: There is no © in font cmr10!
Missing character: There is no Ã in font cmr10!
Missing character: There is no ¡ in font cmr10!
Missing character: There is no Ã in font cmr10!
Missing character: There is no © in font cmr10!
Missing character: There is no Ã in font cmr10!
Missing character: There is no ¡ in font cmr10!
Missing character: There is no Ã in font cmr10!
Missing character: There is no ¸ in font cmr10!
Missing character: There is no Ã in font cmr10!
Missing character: There is no ¥ in font cmr10!

[43]) (Key (Character) Index) [44] (./slime.kys [45])
(Command and Function Index) [46] (./slime.fns [47])
(Variable and Concept Index) [48] (./slime.vrs) [49] ) 
Here is how much of TeX's memory you used:
 2265 strings out of 497129
 28874 string characters out of 1207598
 115625 words of memory out of 3000000
 3199 multiletter control sequences out of 15000+50000
 32127 words of font info for 112 fonts, out of 3000000 for 9000
 51 hyphenation exceptions out of 8191
 16i,5n,17p,338b,552s stack positions out of 5000i,500n,10000p,200000b,50000s
</usr/share/texmf-texlive
/fonts/type1/public/amsfonts/cm/cmb10.pfb></usr/share/texmf-texlive/fonts/type1
/public/amsfonts/cm/cmbx12.pfb></usr/share/texmf-texlive/fonts/type1/public/ams
fonts/cm/cmmi10.pfb></usr/share/texmf-texlive/fonts/type1/public/amsfonts/cm/cm
mi12.pfb></usr/share/texmf-texlive/fonts/type1/public/amsfonts/cm/cmmi9.pfb></u
sr/share/texmf-texlive/fonts/type1/public/amsfonts/cm/cmr10.pfb></usr/share/tex
mf-texlive/fonts/type1/public/amsfonts/cm/cmr7.pfb></usr/share/texmf-texlive/fo
nts/type1/public/amsfonts/cm/cmr8.pfb></usr/share/texmf-texlive/fonts/type1/pub
lic/amsfonts/cm/cmr9.pfb></usr/share/texmf-texlive/fonts/type1/public/amsfonts/
cm/cmsl10.pfb></usr/share/texmf-texlive/fonts/type1/public/amsfonts/cm/cmsltt10
.pfb></usr/share/texmf-texlive/fonts/type1/public/amsfonts/cm/cmsy10.pfb></usr/
share/texmf-texlive/fonts/type1/public/amsfonts/cm/cmti10.pfb></usr/share/texmf
-texlive/fonts/type1/public/amsfonts/cm/cmti9.pfb></usr/share/texmf-texlive/fon
ts/type1/public/amsfonts/cm/cmtt10.pfb></usr/share/texmf-texlive/fonts/type1/pu
blic/amsfonts/cm/cmtt12.pfb></usr/share/texmf-texlive/fonts/type1/public/amsfon
ts/cm/cmtt9.pfb>
Output written on slime.pdf (54 pages, 489167 bytes).
PDF statistics:
 1197 PDF objects out of 1200 (max. 8388607)
 149 named destinations out of 1000 (max. 500000)
 706 words of extra memory for PDF output out of 10000 (max. 10000000)

